<?xml version="1.0" encoding="UTF-8"?>
<testng-results ignored="0" total="2" passed="2" failed="0" skipped="0">
  <reporter-output>
  </reporter-output>
  <suite started-at="2026-05-08T15:14:26 IST" name="Surefire suite" finished-at="2026-05-08T15:14:26 IST" duration-ms="94">
    <groups>
      <group name="smoke">
        <method signature="Demo1Test.mangoTest()[pri:0, instance:Demo.Demo1Test@4b44655e]" name="mangoTest" class="Demo.Demo1Test"/>
      </group> <!-- smoke -->
    </groups>
    <test started-at="2026-05-08T15:14:26 IST" name="Surefire test" finished-at="2026-05-08T15:14:26 IST" duration-ms="94">
      <class name="Demo.DemoTest">
        <test-method signature="appleTest()[pri:0, instance:Demo.DemoTest@79ad8b2f]" started-at="2026-05-08T15:14:26 IST" name="appleTest" finished-at="2026-05-08T15:14:26 IST" duration-ms="0" status="PASS">
          <reporter-output>
          </reporter-output>
        </test-method> <!-- appleTest -->
      </class> <!-- Demo.DemoTest -->
      <class name="Demo.Demo1Test">
        <test-method signature="mangoTest()[pri:0, instance:Demo.Demo1Test@4b44655e]" started-at="2026-05-08T15:14:26 IST" name="mangoTest" finished-at="2026-05-08T15:14:26 IST" duration-ms="10" status="PASS">
          <reporter-output>
          </reporter-output>
        </test-method> <!-- mangoTest -->
      </class> <!-- Demo.Demo1Test -->
    </test> <!-- Surefire test -->
  </suite> <!-- Surefire suite -->
</testng-results>
