<?xml version="1.0" encoding="UTF-8"?>
<testng-results ignored="0" total="1" passed="1" failed="0" skipped="0">
  <reporter-output>
  </reporter-output>
  <suite started-at="2026-05-03T10:51:17 IST" name="Suite" finished-at="2026-05-03T10:51:18 IST" duration-ms="115">
    <groups>
      <group name="smoke">
        <method signature="Demo1Test.mangoTest()[pri:0, instance:Demo.Demo1Test@436813f3]" name="mangoTest" class="Demo.Demo1Test"/>
      </group> <!-- smoke -->
    </groups>
    <test started-at="2026-05-03T10:51:17 IST" name="Test" finished-at="2026-05-03T10:51:18 IST" duration-ms="115">
      <class name="Demo.Demo1Test">
        <test-method signature="mangoTest()[pri:0, instance:Demo.Demo1Test@436813f3]" started-at="2026-05-03T10:51:18 IST" name="mangoTest" finished-at="2026-05-03T10:51:18 IST" duration-ms="20" status="PASS">
          <reporter-output>
          </reporter-output>
        </test-method> <!-- mangoTest -->
      </class> <!-- Demo.Demo1Test -->
    </test> <!-- Test -->
  </suite> <!-- Suite -->
</testng-results>
